[ 2017-02-13T15:24:16+08:00 ] 127.0.0.1 127.0.0.1 GET /git/Think.Admin.git/trunk/public/
[ log ] localhost/git/Think.Admin.git/trunk/public/ [运行时间：0.184468s][吞吐率：5.42req/s] [内存消耗：1,867.47kb] [文件加载：51]
[ info ] [ LANG ] D:\WebRoot\git\Think.Admin.git\trunk\thinkphp\lang\zh-cn.php
[ info ] [ ROUTE ] array (
  'type' => 'module',
  'module' => 
  array (
    0 => '',
    1 => NULL,
    2 => NULL,
  ),
)
[ info ] [ HEADER ] array (
  'cookie' => 'Hm_lvt_a749c1e19337bf37230ba6612eb08384=1461140972; Hm_lvt_df31b90409cbd7237728ca1a770d72e6=1462270422; Hm_lvt_382f81c966395258f239157654081890=1468996754; Hm_lvt_site_tongji_baidu=1470811295; Hm_lvt_ba76f8230db5f616edc89ce066670710=1475199764,1475205882,1475216746,1475222999; Hm_lvt_eafbf4b8e3422783a656563ed24ee102=1476178655; Phpstorm-82d7aa02=0e3cf729-9f9b-47a6-bbaa-60533d7847d8; Hm_lvt_300f21b954333702d5a49058b8302461=1481897306; pgv_pvi=4380452864; Hm_lvt_b74c94c4284592ec7cdd105cda50675b=1483765589,1483767170; Hm_lvt_f9a6d4c4393e28fa0b3f8a7d89c1c6da=1484548786; _ga=GA1.1.1347941633.1484560091; Phpstorm-eab8d6e1=f804067a-eb31-4f5b-afe0-c7b103070070; PHPSESSID=8j7dfvo310ouauv6ve7ulhphu7',
  'accept-language' => 'zh-CN,zh;q=0.8',
  'accept-encoding' => 'gzip, deflate, sdch, br',
  'referer' => 'http://localhost/git/Think.Admin.git/trunk/',
  'accept' => 'text/html,application/xhtml+xml,application/xml;q=0.9,image/webp,*/*;q=0.8',
  'user-agent' => 'Mozilla/5.0 (Windows NT 10.0; WOW64) AppleWebKit/537.36 (KHTML, like Gecko) Chrome/56.0.2924.87 Safari/537.36',
  'upgrade-insecure-requests' => '1',
  'cache-control' => 'no-cache',
  'pragma' => 'no-cache',
  'connection' => 'keep-alive',
  'host' => 'localhost',
  'content-length' => '',
  'content-type' => '',
)
[ info ] [ PARAM ] array (
)
[ info ] [ RUN ] app\index\controller\Index->index[ D:\WebRoot\git\Think.Admin.git\trunk\application\index\controller\Index.php ]
[ info ] [ DB ] INIT mysql
[ info ] [ VIEW ] D:\WebRoot\git\Think.Admin.git\trunk/application/index\view\index.index.html [ array (
  0 => 'mysql_ver',
) ]
[ info ] [ LOG ] INIT File

---------------------------------------------------------------
[ 2017-02-13T15:25:05+08:00 ] 127.0.0.1 127.0.0.1 GET /git/Think.Admin.git/trunk/public/
[ log ] localhost/git/Think.Admin.git/trunk/public/ [运行时间：0.179222s][吞吐率：5.58req/s] [内存消耗：1,735.62kb] [文件加载：49]
[ info ] [ LANG ] D:\WebRoot\git\Think.Admin.git\trunk\thinkphp\lang\zh-cn.php
[ info ] [ ROUTE ] array (
  'type' => 'module',
  'module' => 
  array (
    0 => '',
    1 => NULL,
    2 => NULL,
  ),
)
[ info ] [ HEADER ] array (
  'cookie' => 'Hm_lvt_a749c1e19337bf37230ba6612eb08384=1461140972; Hm_lvt_df31b90409cbd7237728ca1a770d72e6=1462270422; Hm_lvt_382f81c966395258f239157654081890=1468996754; Hm_lvt_site_tongji_baidu=1470811295; Hm_lvt_ba76f8230db5f616edc89ce066670710=1475199764,1475205882,1475216746,1475222999; Hm_lvt_eafbf4b8e3422783a656563ed24ee102=1476178655; Phpstorm-82d7aa02=0e3cf729-9f9b-47a6-bbaa-60533d7847d8; Hm_lvt_300f21b954333702d5a49058b8302461=1481897306; pgv_pvi=4380452864; Hm_lvt_b74c94c4284592ec7cdd105cda50675b=1483765589,1483767170; Hm_lvt_f9a6d4c4393e28fa0b3f8a7d89c1c6da=1484548786; _ga=GA1.1.1347941633.1484560091; Phpstorm-eab8d6e1=f804067a-eb31-4f5b-afe0-c7b103070070; PHPSESSID=8j7dfvo310ouauv6ve7ulhphu7',
  'accept-language' => 'zh-CN,zh;q=0.8',
  'accept-encoding' => 'gzip, deflate, sdch, br',
  'referer' => 'http://localhost/git/Think.Admin.git/trunk/',
  'accept' => 'text/html,application/xhtml+xml,application/xml;q=0.9,image/webp,*/*;q=0.8',
  'user-agent' => 'Mozilla/5.0 (Windows NT 10.0; WOW64) AppleWebKit/537.36 (KHTML, like Gecko) Chrome/56.0.2924.87 Safari/537.36',
  'upgrade-insecure-requests' => '1',
  'cache-control' => 'no-cache',
  'pragma' => 'no-cache',
  'connection' => 'keep-alive',
  'host' => 'localhost',
  'content-length' => '',
  'content-type' => '',
)
[ info ] [ PARAM ] array (
)
[ info ] [ RUN ] app\index\controller\Index->index[ D:\WebRoot\git\Think.Admin.git\trunk\application\index\controller\Index.php ]
[ info ] [ DB ] INIT mysql
[ info ] [ VIEW ] D:\WebRoot\git\Think.Admin.git\trunk/application/index\view\index.index.html [ array (
  0 => 'mysql_ver',
) ]
[ info ] [ LOG ] INIT File

---------------------------------------------------------------
[ 2017-02-13T15:25:11+08:00 ] 127.0.0.1 127.0.0.1 GET /git/Think.Admin.git/trunk/public/
[ log ] localhost/git/Think.Admin.git/trunk/public/ [运行时间：0.176604s][吞吐率：5.66req/s] [内存消耗：1,735.62kb] [文件加载：49]
[ info ] [ LANG ] D:\WebRoot\git\Think.Admin.git\trunk\thinkphp\lang\zh-cn.php
[ info ] [ ROUTE ] array (
  'type' => 'module',
  'module' => 
  array (
    0 => '',
    1 => NULL,
    2 => NULL,
  ),
)
[ info ] [ HEADER ] array (
  'cookie' => 'Hm_lvt_a749c1e19337bf37230ba6612eb08384=1461140972; Hm_lvt_df31b90409cbd7237728ca1a770d72e6=1462270422; Hm_lvt_382f81c966395258f239157654081890=1468996754; Hm_lvt_site_tongji_baidu=1470811295; Hm_lvt_ba76f8230db5f616edc89ce066670710=1475199764,1475205882,1475216746,1475222999; Hm_lvt_eafbf4b8e3422783a656563ed24ee102=1476178655; Phpstorm-82d7aa02=0e3cf729-9f9b-47a6-bbaa-60533d7847d8; Hm_lvt_300f21b954333702d5a49058b8302461=1481897306; pgv_pvi=4380452864; Hm_lvt_b74c94c4284592ec7cdd105cda50675b=1483765589,1483767170; Hm_lvt_f9a6d4c4393e28fa0b3f8a7d89c1c6da=1484548786; _ga=GA1.1.1347941633.1484560091; Phpstorm-eab8d6e1=f804067a-eb31-4f5b-afe0-c7b103070070; PHPSESSID=8j7dfvo310ouauv6ve7ulhphu7',
  'accept-language' => 'zh-CN,zh;q=0.8',
  'accept-encoding' => 'gzip, deflate, sdch, br',
  'referer' => 'http://localhost/git/Think.Admin.git/trunk/',
  'accept' => 'text/html,application/xhtml+xml,application/xml;q=0.9,image/webp,*/*;q=0.8',
  'user-agent' => 'Mozilla/5.0 (Windows NT 10.0; WOW64) AppleWebKit/537.36 (KHTML, like Gecko) Chrome/56.0.2924.87 Safari/537.36',
  'upgrade-insecure-requests' => '1',
  'cache-control' => 'no-cache',
  'pragma' => 'no-cache',
  'connection' => 'keep-alive',
  'host' => 'localhost',
  'content-length' => '',
  'content-type' => '',
)
[ info ] [ PARAM ] array (
)
[ info ] [ RUN ] app\index\controller\Index->index[ D:\WebRoot\git\Think.Admin.git\trunk\application\index\controller\Index.php ]
[ info ] [ DB ] INIT mysql
[ info ] [ VIEW ] D:\WebRoot\git\Think.Admin.git\trunk/application/index\view\index.index.html [ array (
  0 => 'mysql_ver',
) ]
[ info ] [ LOG ] INIT File

---------------------------------------------------------------
[ 2017-02-13T15:25:15+08:00 ] 127.0.0.1 127.0.0.1 GET /git/Think.Admin.git/trunk/public/
[ log ] localhost/git/Think.Admin.git/trunk/public/ [运行时间：0.192202s][吞吐率：5.20req/s] [内存消耗：1,735.26kb] [文件加载：49]
[ info ] [ LANG ] D:\WebRoot\git\Think.Admin.git\trunk\thinkphp\lang\zh-cn.php
[ info ] [ ROUTE ] array (
  'type' => 'module',
  'module' => 
  array (
    0 => '',
    1 => NULL,
    2 => NULL,
  ),
)
[ info ] [ HEADER ] array (
  'cookie' => 'Hm_lvt_a749c1e19337bf37230ba6612eb08384=1461140972; Hm_lvt_df31b90409cbd7237728ca1a770d72e6=1462270422; Hm_lvt_382f81c966395258f239157654081890=1468996754; Hm_lvt_site_tongji_baidu=1470811295; Hm_lvt_ba76f8230db5f616edc89ce066670710=1475199764,1475205882,1475216746,1475222999; Hm_lvt_eafbf4b8e3422783a656563ed24ee102=1476178655; Phpstorm-82d7aa02=0e3cf729-9f9b-47a6-bbaa-60533d7847d8; Hm_lvt_300f21b954333702d5a49058b8302461=1481897306; pgv_pvi=4380452864; Hm_lvt_b74c94c4284592ec7cdd105cda50675b=1483765589,1483767170; Hm_lvt_f9a6d4c4393e28fa0b3f8a7d89c1c6da=1484548786; _ga=GA1.1.1347941633.1484560091; Phpstorm-eab8d6e1=f804067a-eb31-4f5b-afe0-c7b103070070; PHPSESSID=8j7dfvo310ouauv6ve7ulhphu7',
  'accept-language' => 'zh-CN,zh;q=0.8',
  'accept-encoding' => 'gzip, deflate, sdch, br',
  'accept' => 'text/html,application/xhtml+xml,application/xml;q=0.9,image/webp,*/*;q=0.8',
  'user-agent' => 'Mozilla/5.0 (Windows NT 10.0; WOW64) AppleWebKit/537.36 (KHTML, like Gecko) Chrome/56.0.2924.87 Safari/537.36',
  'upgrade-insecure-requests' => '1',
  'cache-control' => 'no-cache',
  'pragma' => 'no-cache',
  'connection' => 'keep-alive',
  'host' => 'localhost',
  'content-length' => '',
  'content-type' => '',
)
[ info ] [ PARAM ] array (
)
[ info ] [ RUN ] app\index\controller\Index->index[ D:\WebRoot\git\Think.Admin.git\trunk\application\index\controller\Index.php ]
[ info ] [ DB ] INIT mysql
[ info ] [ VIEW ] D:\WebRoot\git\Think.Admin.git\trunk/application/index\view\index.index.html [ array (
  0 => 'mysql_ver',
) ]
[ info ] [ LOG ] INIT File

---------------------------------------------------------------
[ 2017-02-13T15:25:22+08:00 ] 127.0.0.1 127.0.0.1 GET /git/Think.Admin.git/trunk/public/
[ log ] localhost/git/Think.Admin.git/trunk/public/ [运行时间：0.172166s][吞吐率：5.81req/s] [内存消耗：1,735.26kb] [文件加载：49]
[ info ] [ LANG ] D:\WebRoot\git\Think.Admin.git\trunk\thinkphp\lang\zh-cn.php
[ info ] [ ROUTE ] array (
  'type' => 'module',
  'module' => 
  array (
    0 => '',
    1 => NULL,
    2 => NULL,
  ),
)
[ info ] [ HEADER ] array (
  'cookie' => 'Hm_lvt_a749c1e19337bf37230ba6612eb08384=1461140972; Hm_lvt_df31b90409cbd7237728ca1a770d72e6=1462270422; Hm_lvt_382f81c966395258f239157654081890=1468996754; Hm_lvt_site_tongji_baidu=1470811295; Hm_lvt_ba76f8230db5f616edc89ce066670710=1475199764,1475205882,1475216746,1475222999; Hm_lvt_eafbf4b8e3422783a656563ed24ee102=1476178655; Phpstorm-82d7aa02=0e3cf729-9f9b-47a6-bbaa-60533d7847d8; Hm_lvt_300f21b954333702d5a49058b8302461=1481897306; pgv_pvi=4380452864; Hm_lvt_b74c94c4284592ec7cdd105cda50675b=1483765589,1483767170; Hm_lvt_f9a6d4c4393e28fa0b3f8a7d89c1c6da=1484548786; _ga=GA1.1.1347941633.1484560091; Phpstorm-eab8d6e1=f804067a-eb31-4f5b-afe0-c7b103070070; PHPSESSID=8j7dfvo310ouauv6ve7ulhphu7',
  'accept-language' => 'zh-CN,zh;q=0.8',
  'accept-encoding' => 'gzip, deflate, sdch, br',
  'accept' => 'text/html,application/xhtml+xml,application/xml;q=0.9,image/webp,*/*;q=0.8',
  'user-agent' => 'Mozilla/5.0 (Windows NT 10.0; WOW64) AppleWebKit/537.36 (KHTML, like Gecko) Chrome/56.0.2924.87 Safari/537.36',
  'upgrade-insecure-requests' => '1',
  'cache-control' => 'no-cache',
  'pragma' => 'no-cache',
  'connection' => 'keep-alive',
  'host' => 'localhost',
  'content-length' => '',
  'content-type' => '',
)
[ info ] [ PARAM ] array (
)
[ info ] [ RUN ] app\index\controller\Index->index[ D:\WebRoot\git\Think.Admin.git\trunk\application\index\controller\Index.php ]
[ info ] [ DB ] INIT mysql
[ info ] [ VIEW ] D:\WebRoot\git\Think.Admin.git\trunk/application/index\view\index.index.html [ array (
  0 => 'mysql_ver',
) ]
[ info ] [ LOG ] INIT File

---------------------------------------------------------------
[ 2017-02-13T15:25:23+08:00 ] 127.0.0.1 127.0.0.1 GET /git/Think.Admin.git/trunk/public/
[ log ] localhost/git/Think.Admin.git/trunk/public/ [运行时间：0.178346s][吞吐率：5.61req/s] [内存消耗：1,735.26kb] [文件加载：49]
[ info ] [ LANG ] D:\WebRoot\git\Think.Admin.git\trunk\thinkphp\lang\zh-cn.php
[ info ] [ ROUTE ] array (
  'type' => 'module',
  'module' => 
  array (
    0 => '',
    1 => NULL,
    2 => NULL,
  ),
)
[ info ] [ HEADER ] array (
  'cookie' => 'Hm_lvt_a749c1e19337bf37230ba6612eb08384=1461140972; Hm_lvt_df31b90409cbd7237728ca1a770d72e6=1462270422; Hm_lvt_382f81c966395258f239157654081890=1468996754; Hm_lvt_site_tongji_baidu=1470811295; Hm_lvt_ba76f8230db5f616edc89ce066670710=1475199764,1475205882,1475216746,1475222999; Hm_lvt_eafbf4b8e3422783a656563ed24ee102=1476178655; Phpstorm-82d7aa02=0e3cf729-9f9b-47a6-bbaa-60533d7847d8; Hm_lvt_300f21b954333702d5a49058b8302461=1481897306; pgv_pvi=4380452864; Hm_lvt_b74c94c4284592ec7cdd105cda50675b=1483765589,1483767170; Hm_lvt_f9a6d4c4393e28fa0b3f8a7d89c1c6da=1484548786; _ga=GA1.1.1347941633.1484560091; Phpstorm-eab8d6e1=f804067a-eb31-4f5b-afe0-c7b103070070; PHPSESSID=8j7dfvo310ouauv6ve7ulhphu7',
  'accept-language' => 'zh-CN,zh;q=0.8',
  'accept-encoding' => 'gzip, deflate, sdch, br',
  'accept' => 'text/html,application/xhtml+xml,application/xml;q=0.9,image/webp,*/*;q=0.8',
  'user-agent' => 'Mozilla/5.0 (Windows NT 10.0; WOW64) AppleWebKit/537.36 (KHTML, like Gecko) Chrome/56.0.2924.87 Safari/537.36',
  'upgrade-insecure-requests' => '1',
  'cache-control' => 'no-cache',
  'pragma' => 'no-cache',
  'connection' => 'keep-alive',
  'host' => 'localhost',
  'content-length' => '',
  'content-type' => '',
)
[ info ] [ PARAM ] array (
)
[ info ] [ RUN ] app\index\controller\Index->index[ D:\WebRoot\git\Think.Admin.git\trunk\application\index\controller\Index.php ]
[ info ] [ DB ] INIT mysql
[ info ] [ VIEW ] D:\WebRoot\git\Think.Admin.git\trunk/application/index\view\index.index.html [ array (
  0 => 'mysql_ver',
) ]
[ info ] [ LOG ] INIT File

---------------------------------------------------------------
[ 2017-02-13T15:25:30+08:00 ] 127.0.0.1 127.0.0.1 GET /git/Think.Admin.git/trunk/public/index.php/admin
[ log ] localhost/git/Think.Admin.git/trunk/public/index.php/admin [运行时间：0.027518s][吞吐率：36.34req/s] [内存消耗：1,675.81kb] [文件加载：48]
[ info ] [ LANG ] D:\WebRoot\git\Think.Admin.git\trunk\thinkphp\lang\zh-cn.php
[ info ] [ ROUTE ] array (
  'type' => 'module',
  'module' => 
  array (
    0 => 'admin',
    1 => NULL,
    2 => NULL,
  ),
)
[ info ] [ HEADER ] array (
  'cookie' => 'Hm_lvt_a749c1e19337bf37230ba6612eb08384=1461140972; Hm_lvt_df31b90409cbd7237728ca1a770d72e6=1462270422; Hm_lvt_382f81c966395258f239157654081890=1468996754; Hm_lvt_site_tongji_baidu=1470811295; Hm_lvt_ba76f8230db5f616edc89ce066670710=1475199764,1475205882,1475216746,1475222999; Hm_lvt_eafbf4b8e3422783a656563ed24ee102=1476178655; Phpstorm-82d7aa02=0e3cf729-9f9b-47a6-bbaa-60533d7847d8; Hm_lvt_300f21b954333702d5a49058b8302461=1481897306; pgv_pvi=4380452864; Hm_lvt_b74c94c4284592ec7cdd105cda50675b=1483765589,1483767170; Hm_lvt_f9a6d4c4393e28fa0b3f8a7d89c1c6da=1484548786; _ga=GA1.1.1347941633.1484560091; Phpstorm-eab8d6e1=f804067a-eb31-4f5b-afe0-c7b103070070; PHPSESSID=8j7dfvo310ouauv6ve7ulhphu7',
  'accept-language' => 'zh-CN,zh;q=0.8',
  'accept-encoding' => 'gzip, deflate, sdch, br',
  'accept' => 'text/html,application/xhtml+xml,application/xml;q=0.9,image/webp,*/*;q=0.8',
  'user-agent' => 'Mozilla/5.0 (Windows NT 10.0; WOW64) AppleWebKit/537.36 (KHTML, like Gecko) Chrome/56.0.2924.87 Safari/537.36',
  'upgrade-insecure-requests' => '1',
  'cache-control' => 'no-cache',
  'pragma' => 'no-cache',
  'connection' => 'keep-alive',
  'host' => 'localhost',
  'content-length' => '',
  'content-type' => '',
)
[ info ] [ PARAM ] array (
)
[ info ] [ SESSION ] INIT array (
  'id' => '',
  'var_session_id' => '',
  'prefix' => 'think',
  'type' => '',
  'auto_start' => true,
)
[ info ] [ RUN ] app\admin\controller\Index->index[ D:\WebRoot\git\Think.Admin.git\trunk\application\admin\controller\Index.php ]
[ info ] [ VIEW ] D:\WebRoot\git\Think.Admin.git\trunk/application/admin\view\index.index.html [ array (
) ]
[ info ] [ LOG ] INIT File

---------------------------------------------------------------
[ 2017-02-13T15:25:35+08:00 ] 127.0.0.1 127.0.0.1 GET /git/Think.Admin.git/trunk/public/index.php/admin/login/out
[ log ] localhost/git/Think.Admin.git/trunk/public/index.php/admin/login/out [运行时间：0.030166s][吞吐率：33.15req/s] [内存消耗：1,733.65kb] [文件加载：49]
[ info ] [ LANG ] D:\WebRoot\git\Think.Admin.git\trunk\thinkphp\lang\zh-cn.php
[ info ] [ ROUTE ] array (
  'type' => 'module',
  'module' => 
  array (
    0 => 'admin',
    1 => 'login',
    2 => 'out',
  ),
)
[ info ] [ HEADER ] array (
  'cookie' => 'Hm_lvt_a749c1e19337bf37230ba6612eb08384=1461140972; Hm_lvt_df31b90409cbd7237728ca1a770d72e6=1462270422; Hm_lvt_382f81c966395258f239157654081890=1468996754; Hm_lvt_site_tongji_baidu=1470811295; Hm_lvt_ba76f8230db5f616edc89ce066670710=1475199764,1475205882,1475216746,1475222999; Hm_lvt_eafbf4b8e3422783a656563ed24ee102=1476178655; Phpstorm-82d7aa02=0e3cf729-9f9b-47a6-bbaa-60533d7847d8; Hm_lvt_300f21b954333702d5a49058b8302461=1481897306; pgv_pvi=4380452864; Hm_lvt_b74c94c4284592ec7cdd105cda50675b=1483765589,1483767170; Hm_lvt_f9a6d4c4393e28fa0b3f8a7d89c1c6da=1484548786; _ga=GA1.1.1347941633.1484560091; Phpstorm-eab8d6e1=f804067a-eb31-4f5b-afe0-c7b103070070; PHPSESSID=8j7dfvo310ouauv6ve7ulhphu7',
  'accept-language' => 'zh-CN,zh;q=0.8',
  'accept-encoding' => 'gzip, deflate, sdch, br',
  'accept' => 'text/html,application/xhtml+xml,application/xml;q=0.9,image/webp,*/*;q=0.8',
  'user-agent' => 'Mozilla/5.0 (Windows NT 10.0; WOW64) AppleWebKit/537.36 (KHTML, like Gecko) Chrome/56.0.2924.87 Safari/537.36',
  'upgrade-insecure-requests' => '1',
  'cache-control' => 'no-cache',
  'pragma' => 'no-cache',
  'connection' => 'keep-alive',
  'host' => 'localhost',
  'content-length' => '',
  'content-type' => '',
)
[ info ] [ PARAM ] array (
)
[ info ] [ SESSION ] INIT array (
  'id' => '',
  'var_session_id' => '',
  'prefix' => 'think',
  'type' => '',
  'auto_start' => true,
)
[ info ] [ RUN ] app\admin\controller\Login->out[ D:\WebRoot\git\Think.Admin.git\trunk\application\admin\controller\Login.php ]
[ info ] [ VIEW ] D:\WebRoot\git\Think.Admin.git\trunk\thinkphp\tpl\dispatch_jump.tpl [ array (
  0 => 'code',
  1 => 'msg',
  2 => 'data',
  3 => 'url',
  4 => 'wait',
) ]
[ info ] [ LOG ] INIT File

---------------------------------------------------------------
[ 2017-02-13T15:25:38+08:00 ] 127.0.0.1 127.0.0.1 GET /git/Think.Admin.git/trunk/public/index.php/admin/login.html
[ log ] localhost/git/Think.Admin.git/trunk/public/index.php/admin/login.html [运行时间：0.285504s][吞吐率：3.50req/s] [内存消耗：2,396.17kb] [文件加载：54]
[ info ] [ LANG ] D:\WebRoot\git\Think.Admin.git\trunk\thinkphp\lang\zh-cn.php
[ info ] [ ROUTE ] array (
  'type' => 'module',
  'module' => 
  array (
    0 => 'admin',
    1 => 'login',
    2 => NULL,
  ),
)
[ info ] [ HEADER ] array (
  'cookie' => 'Hm_lvt_a749c1e19337bf37230ba6612eb08384=1461140972; Hm_lvt_df31b90409cbd7237728ca1a770d72e6=1462270422; Hm_lvt_382f81c966395258f239157654081890=1468996754; Hm_lvt_site_tongji_baidu=1470811295; Hm_lvt_ba76f8230db5f616edc89ce066670710=1475199764,1475205882,1475216746,1475222999; Hm_lvt_eafbf4b8e3422783a656563ed24ee102=1476178655; Phpstorm-82d7aa02=0e3cf729-9f9b-47a6-bbaa-60533d7847d8; Hm_lvt_300f21b954333702d5a49058b8302461=1481897306; pgv_pvi=4380452864; Hm_lvt_b74c94c4284592ec7cdd105cda50675b=1483765589,1483767170; Hm_lvt_f9a6d4c4393e28fa0b3f8a7d89c1c6da=1484548786; _ga=GA1.1.1347941633.1484560091; Phpstorm-eab8d6e1=f804067a-eb31-4f5b-afe0-c7b103070070; PHPSESSID=8j7dfvo310ouauv6ve7ulhphu7',
  'accept-language' => 'zh-CN,zh;q=0.8',
  'accept-encoding' => 'gzip, deflate, sdch, br',
  'referer' => 'http://localhost/git/Think.Admin.git/trunk/public/index.php/admin/login/out',
  'accept' => 'text/html,application/xhtml+xml,application/xml;q=0.9,image/webp,*/*;q=0.8',
  'user-agent' => 'Mozilla/5.0 (Windows NT 10.0; WOW64) AppleWebKit/537.36 (KHTML, like Gecko) Chrome/56.0.2924.87 Safari/537.36',
  'upgrade-insecure-requests' => '1',
  'cache-control' => 'no-cache',
  'pragma' => 'no-cache',
  'connection' => 'keep-alive',
  'host' => 'localhost',
  'content-length' => '',
  'content-type' => '',
)
[ info ] [ PARAM ] array (
)
[ info ] [ SESSION ] INIT array (
  'id' => '',
  'var_session_id' => '',
  'prefix' => 'think',
  'type' => '',
  'auto_start' => true,
)
[ info ] [ RUN ] app\admin\controller\Login->index[ D:\WebRoot\git\Think.Admin.git\trunk\application\admin\controller\Login.php ]
[ info ] [ VIEW ] D:\WebRoot\git\Think.Admin.git\trunk/application/admin\view\login.index.html [ array (
  0 => 'ptitle',
) ]
[ info ] [ DB ] INIT mysql
[ info ] [ LOG ] INIT File

---------------------------------------------------------------
[ 2017-02-13T15:25:40+08:00 ] 127.0.0.1 127.0.0.1 GET /git/Think.Admin.git/trunk/public/index.php/admin/login.html
[ log ] localhost/git/Think.Admin.git/trunk/public/index.php/admin/login.html [运行时间：0.253184s][吞吐率：3.95req/s] [内存消耗：2,184.48kb] [文件加载：52]
[ info ] [ LANG ] D:\WebRoot\git\Think.Admin.git\trunk\thinkphp\lang\zh-cn.php
[ info ] [ ROUTE ] array (
  'type' => 'module',
  'module' => 
  array (
    0 => 'admin',
    1 => 'login',
    2 => NULL,
  ),
)
[ info ] [ HEADER ] array (
  'cookie' => 'Hm_lvt_a749c1e19337bf37230ba6612eb08384=1461140972; Hm_lvt_df31b90409cbd7237728ca1a770d72e6=1462270422; Hm_lvt_382f81c966395258f239157654081890=1468996754; Hm_lvt_site_tongji_baidu=1470811295; Hm_lvt_ba76f8230db5f616edc89ce066670710=1475199764,1475205882,1475216746,1475222999; Hm_lvt_eafbf4b8e3422783a656563ed24ee102=1476178655; Phpstorm-82d7aa02=0e3cf729-9f9b-47a6-bbaa-60533d7847d8; Hm_lvt_300f21b954333702d5a49058b8302461=1481897306; pgv_pvi=4380452864; Hm_lvt_b74c94c4284592ec7cdd105cda50675b=1483765589,1483767170; Hm_lvt_f9a6d4c4393e28fa0b3f8a7d89c1c6da=1484548786; _ga=GA1.1.1347941633.1484560091; Phpstorm-eab8d6e1=f804067a-eb31-4f5b-afe0-c7b103070070; PHPSESSID=8j7dfvo310ouauv6ve7ulhphu7',
  'accept-language' => 'zh-CN,zh;q=0.8',
  'accept-encoding' => 'gzip, deflate, sdch, br',
  'referer' => 'http://localhost/git/Think.Admin.git/trunk/public/index.php/admin/login/out',
  'accept' => 'text/html,application/xhtml+xml,application/xml;q=0.9,image/webp,*/*;q=0.8',
  'user-agent' => 'Mozilla/5.0 (Windows NT 10.0; WOW64) AppleWebKit/537.36 (KHTML, like Gecko) Chrome/56.0.2924.87 Safari/537.36',
  'upgrade-insecure-requests' => '1',
  'cache-control' => 'no-cache',
  'pragma' => 'no-cache',
  'connection' => 'keep-alive',
  'host' => 'localhost',
  'content-length' => '',
  'content-type' => '',
)
[ info ] [ PARAM ] array (
)
[ info ] [ SESSION ] INIT array (
  'id' => '',
  'var_session_id' => '',
  'prefix' => 'think',
  'type' => '',
  'auto_start' => true,
)
[ info ] [ RUN ] app\admin\controller\Login->index[ D:\WebRoot\git\Think.Admin.git\trunk\application\admin\controller\Login.php ]
[ info ] [ VIEW ] D:\WebRoot\git\Think.Admin.git\trunk/application/admin\view\login.index.html [ array (
  0 => 'ptitle',
) ]
[ info ] [ DB ] INIT mysql
[ info ] [ LOG ] INIT File

---------------------------------------------------------------
[ 2017-02-13T15:25:43+08:00 ] 127.0.0.1 127.0.0.1 GET /git/Think.Admin.git/trunk/public/index.php/admin/login.html
[ log ] localhost/git/Think.Admin.git/trunk/public/index.php/admin/login.html [运行时间：0.222344s][吞吐率：4.50req/s] [内存消耗：2,184.48kb] [文件加载：52]
[ info ] [ LANG ] D:\WebRoot\git\Think.Admin.git\trunk\thinkphp\lang\zh-cn.php
[ info ] [ ROUTE ] array (
  'type' => 'module',
  'module' => 
  array (
    0 => 'admin',
    1 => 'login',
    2 => NULL,
  ),
)
[ info ] [ HEADER ] array (
  'cookie' => 'Hm_lvt_a749c1e19337bf37230ba6612eb08384=1461140972; Hm_lvt_df31b90409cbd7237728ca1a770d72e6=1462270422; Hm_lvt_382f81c966395258f239157654081890=1468996754; Hm_lvt_site_tongji_baidu=1470811295; Hm_lvt_ba76f8230db5f616edc89ce066670710=1475199764,1475205882,1475216746,1475222999; Hm_lvt_eafbf4b8e3422783a656563ed24ee102=1476178655; Phpstorm-82d7aa02=0e3cf729-9f9b-47a6-bbaa-60533d7847d8; Hm_lvt_300f21b954333702d5a49058b8302461=1481897306; pgv_pvi=4380452864; Hm_lvt_b74c94c4284592ec7cdd105cda50675b=1483765589,1483767170; Hm_lvt_f9a6d4c4393e28fa0b3f8a7d89c1c6da=1484548786; _ga=GA1.1.1347941633.1484560091; Phpstorm-eab8d6e1=f804067a-eb31-4f5b-afe0-c7b103070070; PHPSESSID=8j7dfvo310ouauv6ve7ulhphu7',
  'accept-language' => 'zh-CN,zh;q=0.8',
  'accept-encoding' => 'gzip, deflate, sdch, br',
  'referer' => 'http://localhost/git/Think.Admin.git/trunk/public/index.php/admin/login/out',
  'accept' => 'text/html,application/xhtml+xml,application/xml;q=0.9,image/webp,*/*;q=0.8',
  'user-agent' => 'Mozilla/5.0 (Windows NT 10.0; WOW64) AppleWebKit/537.36 (KHTML, like Gecko) Chrome/56.0.2924.87 Safari/537.36',
  'upgrade-insecure-requests' => '1',
  'cache-control' => 'no-cache',
  'pragma' => 'no-cache',
  'connection' => 'keep-alive',
  'host' => 'localhost',
  'content-length' => '',
  'content-type' => '',
)
[ info ] [ PARAM ] array (
)
[ info ] [ SESSION ] INIT array (
  'id' => '',
  'var_session_id' => '',
  'prefix' => 'think',
  'type' => '',
  'auto_start' => true,
)
[ info ] [ RUN ] app\admin\controller\Login->index[ D:\WebRoot\git\Think.Admin.git\trunk\application\admin\controller\Login.php ]
[ info ] [ VIEW ] D:\WebRoot\git\Think.Admin.git\trunk/application/admin\view\login.index.html [ array (
  0 => 'ptitle',
) ]
[ info ] [ DB ] INIT mysql
[ info ] [ LOG ] INIT File

---------------------------------------------------------------
[ 2017-02-13T15:25:46+08:00 ] 127.0.0.1 127.0.0.1 GET /git/Think.Admin.git/trunk/public/index.php/admin/login.html
[ log ] localhost/git/Think.Admin.git/trunk/public/index.php/admin/login.html [运行时间：0.227475s][吞吐率：4.40req/s] [内存消耗：2,184.48kb] [文件加载：52]
[ info ] [ LANG ] D:\WebRoot\git\Think.Admin.git\trunk\thinkphp\lang\zh-cn.php
[ info ] [ ROUTE ] array (
  'type' => 'module',
  'module' => 
  array (
    0 => 'admin',
    1 => 'login',
    2 => NULL,
  ),
)
[ info ] [ HEADER ] array (
  'cookie' => 'Hm_lvt_a749c1e19337bf37230ba6612eb08384=1461140972; Hm_lvt_df31b90409cbd7237728ca1a770d72e6=1462270422; Hm_lvt_382f81c966395258f239157654081890=1468996754; Hm_lvt_site_tongji_baidu=1470811295; Hm_lvt_ba76f8230db5f616edc89ce066670710=1475199764,1475205882,1475216746,1475222999; Hm_lvt_eafbf4b8e3422783a656563ed24ee102=1476178655; Phpstorm-82d7aa02=0e3cf729-9f9b-47a6-bbaa-60533d7847d8; Hm_lvt_300f21b954333702d5a49058b8302461=1481897306; pgv_pvi=4380452864; Hm_lvt_b74c94c4284592ec7cdd105cda50675b=1483765589,1483767170; Hm_lvt_f9a6d4c4393e28fa0b3f8a7d89c1c6da=1484548786; _ga=GA1.1.1347941633.1484560091; Phpstorm-eab8d6e1=f804067a-eb31-4f5b-afe0-c7b103070070; PHPSESSID=8j7dfvo310ouauv6ve7ulhphu7',
  'accept-language' => 'zh-CN,zh;q=0.8',
  'accept-encoding' => 'gzip, deflate, sdch, br',
  'referer' => 'http://localhost/git/Think.Admin.git/trunk/public/index.php/admin/login/out',
  'accept' => 'text/html,application/xhtml+xml,application/xml;q=0.9,image/webp,*/*;q=0.8',
  'user-agent' => 'Mozilla/5.0 (Windows NT 10.0; WOW64) AppleWebKit/537.36 (KHTML, like Gecko) Chrome/56.0.2924.87 Safari/537.36',
  'upgrade-insecure-requests' => '1',
  'cache-control' => 'no-cache',
  'pragma' => 'no-cache',
  'connection' => 'keep-alive',
  'host' => 'localhost',
  'content-length' => '',
  'content-type' => '',
)
[ info ] [ PARAM ] array (
)
[ info ] [ SESSION ] INIT array (
  'id' => '',
  'var_session_id' => '',
  'prefix' => 'think',
  'type' => '',
  'auto_start' => true,
)
[ info ] [ RUN ] app\admin\controller\Login->index[ D:\WebRoot\git\Think.Admin.git\trunk\application\admin\controller\Login.php ]
[ info ] [ VIEW ] D:\WebRoot\git\Think.Admin.git\trunk/application/admin\view\login.index.html [ array (
  0 => 'ptitle',
) ]
[ info ] [ DB ] INIT mysql
[ info ] [ LOG ] INIT File

---------------------------------------------------------------
[ 2017-02-13T15:25:53+08:00 ] 127.0.0.1 127.0.0.1 GET /git/Think.Admin.git/trunk/public/index.php/admin/login.html
[ log ] localhost/git/Think.Admin.git/trunk/public/index.php/admin/login.html [运行时间：0.202697s][吞吐率：4.93req/s] [内存消耗：2,184.48kb] [文件加载：52]
[ info ] [ LANG ] D:\WebRoot\git\Think.Admin.git\trunk\thinkphp\lang\zh-cn.php
[ info ] [ ROUTE ] array (
  'type' => 'module',
  'module' => 
  array (
    0 => 'admin',
    1 => 'login',
    2 => NULL,
  ),
)
[ info ] [ HEADER ] array (
  'cookie' => 'Hm_lvt_a749c1e19337bf37230ba6612eb08384=1461140972; Hm_lvt_df31b90409cbd7237728ca1a770d72e6=1462270422; Hm_lvt_382f81c966395258f239157654081890=1468996754; Hm_lvt_site_tongji_baidu=1470811295; Hm_lvt_ba76f8230db5f616edc89ce066670710=1475199764,1475205882,1475216746,1475222999; Hm_lvt_eafbf4b8e3422783a656563ed24ee102=1476178655; Phpstorm-82d7aa02=0e3cf729-9f9b-47a6-bbaa-60533d7847d8; Hm_lvt_300f21b954333702d5a49058b8302461=1481897306; pgv_pvi=4380452864; Hm_lvt_b74c94c4284592ec7cdd105cda50675b=1483765589,1483767170; Hm_lvt_f9a6d4c4393e28fa0b3f8a7d89c1c6da=1484548786; _ga=GA1.1.1347941633.1484560091; Phpstorm-eab8d6e1=f804067a-eb31-4f5b-afe0-c7b103070070; PHPSESSID=8j7dfvo310ouauv6ve7ulhphu7',
  'accept-language' => 'zh-CN,zh;q=0.8',
  'accept-encoding' => 'gzip, deflate, sdch, br',
  'referer' => 'http://localhost/git/Think.Admin.git/trunk/public/index.php/admin/login/out',
  'accept' => 'text/html,application/xhtml+xml,application/xml;q=0.9,image/webp,*/*;q=0.8',
  'user-agent' => 'Mozilla/5.0 (Windows NT 10.0; WOW64) AppleWebKit/537.36 (KHTML, like Gecko) Chrome/56.0.2924.87 Safari/537.36',
  'upgrade-insecure-requests' => '1',
  'cache-control' => 'no-cache',
  'pragma' => 'no-cache',
  'connection' => 'keep-alive',
  'host' => 'localhost',
  'content-length' => '',
  'content-type' => '',
)
[ info ] [ PARAM ] array (
)
[ info ] [ SESSION ] INIT array (
  'id' => '',
  'var_session_id' => '',
  'prefix' => 'think',
  'type' => '',
  'auto_start' => true,
)
[ info ] [ RUN ] app\admin\controller\Login->index[ D:\WebRoot\git\Think.Admin.git\trunk\application\admin\controller\Login.php ]
[ info ] [ VIEW ] D:\WebRoot\git\Think.Admin.git\trunk/application/admin\view\login.index.html [ array (
  0 => 'ptitle',
) ]
[ info ] [ DB ] INIT mysql
[ info ] [ LOG ] INIT File

---------------------------------------------------------------
[ 2017-02-13T15:26:02+08:00 ] 127.0.0.1 127.0.0.1 POST /git/Think.Admin.git/trunk/public/index.php/admin/login.html?spm=
[ log ] localhost/git/Think.Admin.git/trunk/public/index.php/admin/login.html?spm= [运行时间：0.224704s][吞吐率：4.45req/s] [内存消耗：2,251.96kb] [文件加载：53]
[ info ] [ LANG ] D:\WebRoot\git\Think.Admin.git\trunk\thinkphp\lang\zh-cn.php
[ info ] [ ROUTE ] array (
  'type' => 'module',
  'module' => 
  array (
    0 => 'admin',
    1 => 'login',
    2 => NULL,
  ),
)
[ info ] [ HEADER ] array (
  'cookie' => 'Hm_lvt_a749c1e19337bf37230ba6612eb08384=1461140972; Hm_lvt_df31b90409cbd7237728ca1a770d72e6=1462270422; Hm_lvt_382f81c966395258f239157654081890=1468996754; Hm_lvt_site_tongji_baidu=1470811295; Hm_lvt_ba76f8230db5f616edc89ce066670710=1475199764,1475205882,1475216746,1475222999; Hm_lvt_eafbf4b8e3422783a656563ed24ee102=1476178655; Phpstorm-82d7aa02=0e3cf729-9f9b-47a6-bbaa-60533d7847d8; Hm_lvt_300f21b954333702d5a49058b8302461=1481897306; pgv_pvi=4380452864; Hm_lvt_b74c94c4284592ec7cdd105cda50675b=1483765589,1483767170; Hm_lvt_f9a6d4c4393e28fa0b3f8a7d89c1c6da=1484548786; _ga=GA1.1.1347941633.1484560091; Phpstorm-eab8d6e1=f804067a-eb31-4f5b-afe0-c7b103070070; PHPSESSID=8j7dfvo310ouauv6ve7ulhphu7',
  'accept-language' => 'zh-CN,zh;q=0.8',
  'accept-encoding' => 'gzip, deflate, br',
  'referer' => 'http://localhost/git/Think.Admin.git/trunk/public/index.php/admin/login.html',
  'content-type' => 'application/x-www-form-urlencoded; charset=UTF-8',
  'user-agent' => 'Mozilla/5.0 (Windows NT 10.0; WOW64) AppleWebKit/537.36 (KHTML, like Gecko) Chrome/56.0.2924.87 Safari/537.36',
  'x-requested-with' => 'XMLHttpRequest',
  'origin' => 'http://localhost',
  'accept' => '*/*',
  'cache-control' => 'no-cache',
  'pragma' => 'no-cache',
  'content-length' => '29',
  'connection' => 'keep-alive',
  'host' => 'localhost',
)
[ info ] [ PARAM ] array (
  'spm' => '',
  'username' => 'admin',
  'password' => 'admin',
)
[ info ] [ SESSION ] INIT array (
  'id' => '',
  'var_session_id' => '',
  'prefix' => 'think',
  'type' => '',
  'auto_start' => true,
)
[ info ] [ RUN ] app\admin\controller\Login->index[ D:\WebRoot\git\Think.Admin.git\trunk\application\admin\controller\Login.php ]
[ info ] [ DB ] INIT mysql
[ info ] [ LOG ] INIT File

---------------------------------------------------------------
[ 2017-02-13T15:26:06+08:00 ] 127.0.0.1 127.0.0.1 GET /git/Think.Admin.git/trunk/public/index.php/admin/login.html
[ log ] localhost/git/Think.Admin.git/trunk/public/index.php/admin/login.html [运行时间：0.194527s][吞吐率：5.14req/s] [内存消耗：2,184.48kb] [文件加载：52]
[ info ] [ LANG ] D:\WebRoot\git\Think.Admin.git\trunk\thinkphp\lang\zh-cn.php
[ info ] [ ROUTE ] array (
  'type' => 'module',
  'module' => 
  array (
    0 => 'admin',
    1 => 'login',
    2 => NULL,
  ),
)
[ info ] [ HEADER ] array (
  'cookie' => 'Hm_lvt_a749c1e19337bf37230ba6612eb08384=1461140972; Hm_lvt_df31b90409cbd7237728ca1a770d72e6=1462270422; Hm_lvt_382f81c966395258f239157654081890=1468996754; Hm_lvt_site_tongji_baidu=1470811295; Hm_lvt_ba76f8230db5f616edc89ce066670710=1475199764,1475205882,1475216746,1475222999; Hm_lvt_eafbf4b8e3422783a656563ed24ee102=1476178655; Phpstorm-82d7aa02=0e3cf729-9f9b-47a6-bbaa-60533d7847d8; Hm_lvt_300f21b954333702d5a49058b8302461=1481897306; pgv_pvi=4380452864; Hm_lvt_b74c94c4284592ec7cdd105cda50675b=1483765589,1483767170; Hm_lvt_f9a6d4c4393e28fa0b3f8a7d89c1c6da=1484548786; _ga=GA1.1.1347941633.1484560091; Phpstorm-eab8d6e1=f804067a-eb31-4f5b-afe0-c7b103070070; PHPSESSID=8j7dfvo310ouauv6ve7ulhphu7',
  'accept-language' => 'zh-CN,zh;q=0.8',
  'accept-encoding' => 'gzip, deflate, sdch, br',
  'referer' => 'http://localhost/git/Think.Admin.git/trunk/public/index.php/admin/login/out',
  'accept' => 'text/html,application/xhtml+xml,application/xml;q=0.9,image/webp,*/*;q=0.8',
  'user-agent' => 'Mozilla/5.0 (Windows NT 10.0; WOW64) AppleWebKit/537.36 (KHTML, like Gecko) Chrome/56.0.2924.87 Safari/537.36',
  'upgrade-insecure-requests' => '1',
  'cache-control' => 'no-cache',
  'pragma' => 'no-cache',
  'connection' => 'keep-alive',
  'host' => 'localhost',
  'content-length' => '',
  'content-type' => '',
)
[ info ] [ PARAM ] array (
)
[ info ] [ SESSION ] INIT array (
  'id' => '',
  'var_session_id' => '',
  'prefix' => 'think',
  'type' => '',
  'auto_start' => true,
)
[ info ] [ RUN ] app\admin\controller\Login->index[ D:\WebRoot\git\Think.Admin.git\trunk\application\admin\controller\Login.php ]
[ info ] [ VIEW ] D:\WebRoot\git\Think.Admin.git\trunk/application/admin\view\login.index.html [ array (
  0 => 'ptitle',
) ]
[ info ] [ DB ] INIT mysql
[ info ] [ LOG ] INIT File

---------------------------------------------------------------
[ 2017-02-13T15:26:08+08:00 ] 127.0.0.1 127.0.0.1 GET /git/Think.Admin.git/trunk/public/index.php/admin/login.html
[ log ] localhost/git/Think.Admin.git/trunk/public/index.php/admin/login.html [运行时间：0.251247s][吞吐率：3.98req/s] [内存消耗：2,184.48kb] [文件加载：52]
[ info ] [ LANG ] D:\WebRoot\git\Think.Admin.git\trunk\thinkphp\lang\zh-cn.php
[ info ] [ ROUTE ] array (
  'type' => 'module',
  'module' => 
  array (
    0 => 'admin',
    1 => 'login',
    2 => NULL,
  ),
)
[ info ] [ HEADER ] array (
  'cookie' => 'Hm_lvt_a749c1e19337bf37230ba6612eb08384=1461140972; Hm_lvt_df31b90409cbd7237728ca1a770d72e6=1462270422; Hm_lvt_382f81c966395258f239157654081890=1468996754; Hm_lvt_site_tongji_baidu=1470811295; Hm_lvt_ba76f8230db5f616edc89ce066670710=1475199764,1475205882,1475216746,1475222999; Hm_lvt_eafbf4b8e3422783a656563ed24ee102=1476178655; Phpstorm-82d7aa02=0e3cf729-9f9b-47a6-bbaa-60533d7847d8; Hm_lvt_300f21b954333702d5a49058b8302461=1481897306; pgv_pvi=4380452864; Hm_lvt_b74c94c4284592ec7cdd105cda50675b=1483765589,1483767170; Hm_lvt_f9a6d4c4393e28fa0b3f8a7d89c1c6da=1484548786; _ga=GA1.1.1347941633.1484560091; Phpstorm-eab8d6e1=f804067a-eb31-4f5b-afe0-c7b103070070; PHPSESSID=8j7dfvo310ouauv6ve7ulhphu7',
  'accept-language' => 'zh-CN,zh;q=0.8',
  'accept-encoding' => 'gzip, deflate, sdch, br',
  'referer' => 'http://localhost/git/Think.Admin.git/trunk/public/index.php/admin/login/out',
  'accept' => 'text/html,application/xhtml+xml,application/xml;q=0.9,image/webp,*/*;q=0.8',
  'user-agent' => 'Mozilla/5.0 (Windows NT 10.0; WOW64) AppleWebKit/537.36 (KHTML, like Gecko) Chrome/56.0.2924.87 Safari/537.36',
  'upgrade-insecure-requests' => '1',
  'cache-control' => 'no-cache',
  'pragma' => 'no-cache',
  'connection' => 'keep-alive',
  'host' => 'localhost',
  'content-length' => '',
  'content-type' => '',
)
[ info ] [ PARAM ] array (
)
[ info ] [ SESSION ] INIT array (
  'id' => '',
  'var_session_id' => '',
  'prefix' => 'think',
  'type' => '',
  'auto_start' => true,
)
[ info ] [ RUN ] app\admin\controller\Login->index[ D:\WebRoot\git\Think.Admin.git\trunk\application\admin\controller\Login.php ]
[ info ] [ VIEW ] D:\WebRoot\git\Think.Admin.git\trunk/application/admin\view\login.index.html [ array (
  0 => 'ptitle',
) ]
[ info ] [ DB ] INIT mysql
[ info ] [ LOG ] INIT File

---------------------------------------------------------------
[ 2017-02-13T15:26:09+08:00 ] 127.0.0.1 127.0.0.1 GET /git/Think.Admin.git/trunk/public/index.php/admin/login.html
[ log ] localhost/git/Think.Admin.git/trunk/public/index.php/admin/login.html [运行时间：0.213909s][吞吐率：4.67req/s] [内存消耗：2,184.48kb] [文件加载：52]
[ info ] [ LANG ] D:\WebRoot\git\Think.Admin.git\trunk\thinkphp\lang\zh-cn.php
[ info ] [ ROUTE ] array (
  'type' => 'module',
  'module' => 
  array (
    0 => 'admin',
    1 => 'login',
    2 => NULL,
  ),
)
[ info ] [ HEADER ] array (
  'cookie' => 'Hm_lvt_a749c1e19337bf37230ba6612eb08384=1461140972; Hm_lvt_df31b90409cbd7237728ca1a770d72e6=1462270422; Hm_lvt_382f81c966395258f239157654081890=1468996754; Hm_lvt_site_tongji_baidu=1470811295; Hm_lvt_ba76f8230db5f616edc89ce066670710=1475199764,1475205882,1475216746,1475222999; Hm_lvt_eafbf4b8e3422783a656563ed24ee102=1476178655; Phpstorm-82d7aa02=0e3cf729-9f9b-47a6-bbaa-60533d7847d8; Hm_lvt_300f21b954333702d5a49058b8302461=1481897306; pgv_pvi=4380452864; Hm_lvt_b74c94c4284592ec7cdd105cda50675b=1483765589,1483767170; Hm_lvt_f9a6d4c4393e28fa0b3f8a7d89c1c6da=1484548786; _ga=GA1.1.1347941633.1484560091; Phpstorm-eab8d6e1=f804067a-eb31-4f5b-afe0-c7b103070070; PHPSESSID=8j7dfvo310ouauv6ve7ulhphu7',
  'accept-language' => 'zh-CN,zh;q=0.8',
  'accept-encoding' => 'gzip, deflate, sdch, br',
  'referer' => 'http://localhost/git/Think.Admin.git/trunk/public/index.php/admin/login/out',
  'accept' => 'text/html,application/xhtml+xml,application/xml;q=0.9,image/webp,*/*;q=0.8',
  'user-agent' => 'Mozilla/5.0 (Windows NT 10.0; WOW64) AppleWebKit/537.36 (KHTML, like Gecko) Chrome/56.0.2924.87 Safari/537.36',
  'upgrade-insecure-requests' => '1',
  'cache-control' => 'no-cache',
  'pragma' => 'no-cache',
  'connection' => 'keep-alive',
  'host' => 'localhost',
  'content-length' => '',
  'content-type' => '',
)
[ info ] [ PARAM ] array (
)
[ info ] [ SESSION ] INIT array (
  'id' => '',
  'var_session_id' => '',
  'prefix' => 'think',
  'type' => '',
  'auto_start' => true,
)
[ info ] [ RUN ] app\admin\controller\Login->index[ D:\WebRoot\git\Think.Admin.git\trunk\application\admin\controller\Login.php ]
[ info ] [ VIEW ] D:\WebRoot\git\Think.Admin.git\trunk/application/admin\view\login.index.html [ array (
  0 => 'ptitle',
) ]
[ info ] [ DB ] INIT mysql
[ info ] [ LOG ] INIT File

---------------------------------------------------------------
[ 2017-02-13T15:26:10+08:00 ] 127.0.0.1 127.0.0.1 GET /git/Think.Admin.git/trunk/public/index.php/admin/login.html
[ log ] localhost/git/Think.Admin.git/trunk/public/index.php/admin/login.html [运行时间：0.242357s][吞吐率：4.13req/s] [内存消耗：2,184.48kb] [文件加载：52]
[ info ] [ LANG ] D:\WebRoot\git\Think.Admin.git\trunk\thinkphp\lang\zh-cn.php
[ info ] [ ROUTE ] array (
  'type' => 'module',
  'module' => 
  array (
    0 => 'admin',
    1 => 'login',
    2 => NULL,
  ),
)
[ info ] [ HEADER ] array (
  'cookie' => 'Hm_lvt_a749c1e19337bf37230ba6612eb08384=1461140972; Hm_lvt_df31b90409cbd7237728ca1a770d72e6=1462270422; Hm_lvt_382f81c966395258f239157654081890=1468996754; Hm_lvt_site_tongji_baidu=1470811295; Hm_lvt_ba76f8230db5f616edc89ce066670710=1475199764,1475205882,1475216746,1475222999; Hm_lvt_eafbf4b8e3422783a656563ed24ee102=1476178655; Phpstorm-82d7aa02=0e3cf729-9f9b-47a6-bbaa-60533d7847d8; Hm_lvt_300f21b954333702d5a49058b8302461=1481897306; pgv_pvi=4380452864; Hm_lvt_b74c94c4284592ec7cdd105cda50675b=1483765589,1483767170; Hm_lvt_f9a6d4c4393e28fa0b3f8a7d89c1c6da=1484548786; _ga=GA1.1.1347941633.1484560091; Phpstorm-eab8d6e1=f804067a-eb31-4f5b-afe0-c7b103070070; PHPSESSID=8j7dfvo310ouauv6ve7ulhphu7',
  'accept-language' => 'zh-CN,zh;q=0.8',
  'accept-encoding' => 'gzip, deflate, sdch, br',
  'referer' => 'http://localhost/git/Think.Admin.git/trunk/public/index.php/admin/login/out',
  'accept' => 'text/html,application/xhtml+xml,application/xml;q=0.9,image/webp,*/*;q=0.8',
  'user-agent' => 'Mozilla/5.0 (Windows NT 10.0; WOW64) AppleWebKit/537.36 (KHTML, like Gecko) Chrome/56.0.2924.87 Safari/537.36',
  'upgrade-insecure-requests' => '1',
  'cache-control' => 'no-cache',
  'pragma' => 'no-cache',
  'connection' => 'keep-alive',
  'host' => 'localhost',
  'content-length' => '',
  'content-type' => '',
)
[ info ] [ PARAM ] array (
)
[ info ] [ SESSION ] INIT array (
  'id' => '',
  'var_session_id' => '',
  'prefix' => 'think',
  'type' => '',
  'auto_start' => true,
)
[ info ] [ RUN ] app\admin\controller\Login->index[ D:\WebRoot\git\Think.Admin.git\trunk\application\admin\controller\Login.php ]
[ info ] [ VIEW ] D:\WebRoot\git\Think.Admin.git\trunk/application/admin\view\login.index.html [ array (
  0 => 'ptitle',
) ]
[ info ] [ DB ] INIT mysql
[ info ] [ LOG ] INIT File

---------------------------------------------------------------
