[ 2017-02-13T15:24:16+08:00 ] [ sql ] [ DB ] CONNECT:[ UseTime:0.072325s ] mysql:dbname=think.admin;host=data.cuci.cc;port=3306;charset=utf8mb4
[ sql ] [ SQL ] select version() as ver [ RunTime:0.047469s ]

---------------------------------------------------------------
[ 2017-02-13T15:25:05+08:00 ] [ sql ] [ DB ] CONNECT:[ UseTime:0.083081s ] mysql:dbname=think.admin;host=data.cuci.cc;port=3306;charset=utf8mb4
[ sql ] [ SQL ] select version() as ver [ RunTime:0.053416s ]

---------------------------------------------------------------
[ 2017-02-13T15:25:11+08:00 ] [ sql ] [ DB ] CONNECT:[ UseTime:0.083413s ] mysql:dbname=think.admin;host=data.cuci.cc;port=3306;charset=utf8mb4
[ sql ] [ SQL ] select version() as ver [ RunTime:0.054539s ]

---------------------------------------------------------------
[ 2017-02-13T15:25:15+08:00 ] [ sql ] [ DB ] CONNECT:[ UseTime:0.090656s ] mysql:dbname=think.admin;host=data.cuci.cc;port=3306;charset=utf8mb4
[ sql ] [ SQL ] select version() as ver [ RunTime:0.059757s ]

---------------------------------------------------------------
[ 2017-02-13T15:25:22+08:00 ] [ sql ] [ DB ] CONNECT:[ UseTime:0.081388s ] mysql:dbname=think.admin;host=data.cuci.cc;port=3306;charset=utf8mb4
[ sql ] [ SQL ] select version() as ver [ RunTime:0.052667s ]

---------------------------------------------------------------
[ 2017-02-13T15:25:23+08:00 ] [ sql ] [ DB ] CONNECT:[ UseTime:0.070316s ] mysql:dbname=think.admin;host=data.cuci.cc;port=3306;charset=utf8mb4
[ sql ] [ SQL ] select version() as ver [ RunTime:0.048477s ]

---------------------------------------------------------------
[ 2017-02-13T15:25:38+08:00 ] [ sql ] [ DB ] CONNECT:[ UseTime:0.092744s ] mysql:dbname=think.admin;host=data.cuci.cc;port=3306;charset=utf8mb4
[ sql ] [ SQL ] SHOW COLUMNS FROM `system_config` [ RunTime:0.062826s ]
[ sql ] [ SQL ] SELECT * FROM `system_config` [ RunTime:0.061914s ]

---------------------------------------------------------------
[ 2017-02-13T15:25:40+08:00 ] [ sql ] [ DB ] CONNECT:[ UseTime:0.091101s ] mysql:dbname=think.admin;host=data.cuci.cc;port=3306;charset=utf8mb4
[ sql ] [ SQL ] SHOW COLUMNS FROM `system_config` [ RunTime:0.060868s ]
[ sql ] [ SQL ] SELECT * FROM `system_config` [ RunTime:0.062520s ]

---------------------------------------------------------------
[ 2017-02-13T15:25:43+08:00 ] [ sql ] [ DB ] CONNECT:[ UseTime:0.080324s ] mysql:dbname=think.admin;host=data.cuci.cc;port=3306;charset=utf8mb4
[ sql ] [ SQL ] SHOW COLUMNS FROM `system_config` [ RunTime:0.057568s ]
[ sql ] [ SQL ] SELECT * FROM `system_config` [ RunTime:0.055270s ]

---------------------------------------------------------------
[ 2017-02-13T15:25:46+08:00 ] [ sql ] [ DB ] CONNECT:[ UseTime:0.080896s ] mysql:dbname=think.admin;host=data.cuci.cc;port=3306;charset=utf8mb4
[ sql ] [ SQL ] SHOW COLUMNS FROM `system_config` [ RunTime:0.054947s ]
[ sql ] [ SQL ] SELECT * FROM `system_config` [ RunTime:0.054665s ]

---------------------------------------------------------------
[ 2017-02-13T15:25:53+08:00 ] [ sql ] [ DB ] CONNECT:[ UseTime:0.071798s ] mysql:dbname=think.admin;host=data.cuci.cc;port=3306;charset=utf8mb4
[ sql ] [ SQL ] SHOW COLUMNS FROM `system_config` [ RunTime:0.049264s ]
[ sql ] [ SQL ] SELECT * FROM `system_config` [ RunTime:0.047247s ]

---------------------------------------------------------------
[ 2017-02-13T15:26:02+08:00 ] [ sql ] [ DB ] CONNECT:[ UseTime:0.080301s ] mysql:dbname=think.admin;host=data.cuci.cc;port=3306;charset=utf8mb4
[ sql ] [ SQL ] SHOW COLUMNS FROM `system_user` [ RunTime:0.054278s ]
[ sql ] [ SQL ] SELECT * FROM `system_user` WHERE  `username` = 'admin' LIMIT 1 [ RunTime:0.052934s ]

---------------------------------------------------------------
[ 2017-02-13T15:26:06+08:00 ] [ sql ] [ DB ] CONNECT:[ UseTime:0.072369s ] mysql:dbname=think.admin;host=data.cuci.cc;port=3306;charset=utf8mb4
[ sql ] [ SQL ] SHOW COLUMNS FROM `system_config` [ RunTime:0.047883s ]
[ sql ] [ SQL ] SELECT * FROM `system_config` [ RunTime:0.047002s ]

---------------------------------------------------------------
[ 2017-02-13T15:26:08+08:00 ] [ sql ] [ DB ] CONNECT:[ UseTime:0.092387s ] mysql:dbname=think.admin;host=data.cuci.cc;port=3306;charset=utf8mb4
[ sql ] [ SQL ] SHOW COLUMNS FROM `system_config` [ RunTime:0.060988s ]
[ sql ] [ SQL ] SELECT * FROM `system_config` [ RunTime:0.061939s ]

---------------------------------------------------------------
[ 2017-02-13T15:26:09+08:00 ] [ sql ] [ DB ] CONNECT:[ UseTime:0.079486s ] mysql:dbname=think.admin;host=data.cuci.cc;port=3306;charset=utf8mb4
[ sql ] [ SQL ] SHOW COLUMNS FROM `system_config` [ RunTime:0.055046s ]
[ sql ] [ SQL ] SELECT * FROM `system_config` [ RunTime:0.052254s ]

---------------------------------------------------------------
[ 2017-02-13T15:26:10+08:00 ] [ sql ] [ DB ] CONNECT:[ UseTime:0.089792s ] mysql:dbname=think.admin;host=data.cuci.cc;port=3306;charset=utf8mb4
[ sql ] [ SQL ] SHOW COLUMNS FROM `system_config` [ RunTime:0.061361s ]
[ sql ] [ SQL ] SELECT * FROM `system_config` [ RunTime:0.059401s ]

---------------------------------------------------------------
